# JRE version: Java(TM) SE Runtime Environment (17.0.8+9) (build 17.0.8+9-LTS-211)
# Java VM: Java HotSpot(TM) 64-Bit Server VM (17.0.8+9-LTS-211, mixed mode, emulated-client, sharing, tiered, compressed oops, compressed class ptrs, g1 gc, bsd-aarch64)
GC Precious Log:
 CPUs: 8 total, 8 available
 Memory: 8192M
 Large Page Support: Disabled
 NUMA Support: Disabled
 Compressed Oops: Enabled (Zero based)
 Heap Region Size: 1M
 Heap Min Capacity: 8M
 Heap Initial Capacity: 128M
 Heap Max Capacity: 2G
 Pre-touch: Disabled
 Parallel Workers: 8
 Concurrent Workers: 2
 Concurrent Refinement Workers: 8
 Periodic GC: Disabled
Heap:
 garbage-first heap   total 283648K, used 80556K [0x0000000780000000, 0x0000000800000000)
  region size 1024K, 12 young (12288K), 10 survivors (10240K)
 Metaspace       used 125790K, committed 126720K, reserved 1179648K
  class space    used 18062K, committed 18496K, reserved 1048576K
GC Heap History (20 events):
Event: 6.762 GC heap before
{Heap before GC invocations=22 (full 0):
 garbage-first heap   total 153600K, used 124091K [0x0000000780000000, 0x0000000800000000)
  region size 1024K, 70 young (71680K), 3 survivors (3072K)
 Metaspace       used 100497K, committed 101184K, reserved 1179648K
  class space    used 14388K, committed 14720K, reserved 1048576K
}
Event: 6.767 GC heap after
{Heap after GC invocations=23 (full 0):
 garbage-first heap   total 153600K, used 59252K [0x0000000780000000, 0x0000000800000000)
  region size 1024K, 5 young (5120K), 5 survivors (5120K)
 Metaspace       used 100497K, committed 101184K, reserved 1179648K
  class space    used 14388K, committed 14720K, reserved 1048576K
}
Event: 7.034 GC heap before
{Heap before GC invocations=23 (full 0):
 garbage-first heap   total 153600K, used 125812K [0x0000000780000000, 0x0000000800000000)
  region size 1024K, 70 young (71680K), 5 survivors (5120K)
 Metaspace       used 101407K, committed 102144K, reserved 1179648K
  class space    used 14490K, committed 14848K, reserved 1048576K
}
Event: 7.037 GC heap after
{Heap after GC invocations=24 (full 0):
 garbage-first heap   total 153600K, used 61632K [0x0000000780000000, 0x0000000800000000)
  region size 1024K, 6 young (6144K), 6 survivors (6144K)
 Metaspace       used 101407K, committed 102144K, reserved 1179648K
  class space    used 14490K, committed 14848K, reserved 1048576K
}
Event: 7.129 GC heap before
{Heap before GC invocations=24 (full 0):
 garbage-first heap   total 153600K, used 85184K [0x0000000780000000, 0x0000000800000000)
  region size 1024K, 30 young (30720K), 6 survivors (6144K)
 Metaspace       used 101735K, committed 102400K, reserved 1179648K
  class space    used 14516K, committed 14848K, reserved 1048576K
}
Event: 7.132 GC heap after
{Heap after GC invocations=25 (full 0):
 garbage-first heap   total 153600K, used 62782K [0x0000000780000000, 0x0000000800000000)
  region size 1024K, 4 young (4096K), 4 survivors (4096K)
 Metaspace       used 101735K, committed 102400K, reserved 1179648K
  class space    used 14516K, committed 14848K, reserved 1048576K
}
Event: 8.171 GC heap before
{Heap before GC invocations=26 (full 0):
 garbage-first heap   total 153600K, used 128318K [0x0000000780000000, 0x0000000800000000)
  region size 1024K, 68 young (69632K), 4 survivors (4096K)
 Metaspace       used 106267K, committed 107008K, reserved 1179648K
  class space    used 15231K, committed 15616K, reserved 1048576K
}
Event: 8.174 GC heap after
{Heap after GC invocations=27 (full 0):
 garbage-first heap   total 153600K, used 66011K [0x0000000780000000, 0x0000000800000000)
  region size 1024K, 7 young (7168K), 7 survivors (7168K)
 Metaspace       used 106267K, committed 107008K, reserved 1179648K
  class space    used 15231K, committed 15616K, reserved 1048576K
}
Event: 8.182 GC heap before
{Heap before GC invocations=27 (full 0):
 garbage-first heap   total 153600K, used 67035K [0x0000000780000000, 0x0000000800000000)
  region size 1024K, 8 young (8192K), 7 survivors (7168K)
 Metaspace       used 106267K, committed 107008K, reserved 1179648K
  class space    used 15231K, committed 15616K, reserved 1048576K
}
Event: 8.195 GC heap after
{Heap after GC invocations=28 (full 0):
 garbage-first heap   total 153600K, used 66302K [0x0000000780000000, 0x0000000800000000)
  region size 1024K, 1 young (1024K), 1 survivors (1024K)
 Metaspace       used 106267K, committed 107008K, reserved 1179648K
  class space    used 15231K, committed 15616K, reserved 1048576K
}
Event: 8.535 GC heap before
{Heap before GC invocations=28 (full 0):
 garbage-first heap   total 153600K, used 126718K [0x0000000780000000, 0x0000000800000000)
  region size 1024K, 60 young (61440K), 1 survivors (1024K)
 Metaspace       used 108245K, committed 108992K, reserved 1179648K
  class space    used 15566K, committed 15936K, reserved 1048576K
}
Event: 8.539 GC heap after
{Heap after GC invocations=29 (full 0):
 garbage-first heap   total 153600K, used 68077K [0x0000000780000000, 0x0000000800000000)
  region size 1024K, 3 young (3072K), 3 survivors (3072K)
 Metaspace       used 108245K, committed 108992K, reserved 1179648K
  class space    used 15566K, committed 15936K, reserved 1048576K
}
Event: 8.892 GC heap before
{Heap before GC invocations=29 (full 0):
 garbage-first heap   total 153600K, used 127469K [0x0000000780000000, 0x0000000800000000)
  region size 1024K, 61 young (62464K), 3 survivors (3072K)
 Metaspace       used 110306K, committed 111040K, reserved 1179648K
  class space    used 15853K, committed 16192K, reserved 1048576K
}
Event: 8.896 GC heap after
{Heap after GC invocations=30 (full 0):
 garbage-first heap   total 153600K, used 70617K [0x0000000780000000, 0x0000000800000000)
  region size 1024K, 6 young (6144K), 6 survivors (6144K)
 Metaspace       used 110306K, committed 111040K, reserved 1179648K
  class space    used 15853K, committed 16192K, reserved 1048576K
}
Event: 9.190 GC heap before
{Heap before GC invocations=30 (full 0):
 garbage-first heap   total 153600K, used 126937K [0x0000000780000000, 0x0000000800000000)
  region size 1024K, 61 young (62464K), 6 survivors (6144K)
 Metaspace       used 112195K, committed 113024K, reserved 1179648K
  class space    used 16160K, committed 16576K, reserved 1048576K
}
Event: 9.195 GC heap after
{Heap after GC invocations=31 (full 0):
 garbage-first heap   total 153600K, used 73132K [0x0000000780000000, 0x0000000800000000)
  region size 1024K, 6 young (6144K), 6 survivors (6144K)
 Metaspace       used 112195K, committed 113024K, reserved 1179648K
  class space    used 16160K, committed 16576K, reserved 1048576K
}
Event: 14.989 GC heap before
{Heap before GC invocations=31 (full 0):
 garbage-first heap   total 153600K, used 126380K [0x0000000780000000, 0x0000000800000000)
  region size 1024K, 59 young (60416K), 6 survivors (6144K)
 Metaspace       used 120420K, committed 121280K, reserved 1179648K
  class space    used 17250K, committed 17664K, reserved 1048576K
}
Event: 15.016 GC heap after
{Heap after GC invocations=32 (full 0):
 garbage-first heap   total 349184K, used 77117K [0x0000000780000000, 0x0000000800000000)
  region size 1024K, 8 young (8192K), 8 survivors (8192K)
 Metaspace       used 120420K, committed 121280K, reserved 1179648K
  class space    used 17250K, committed 17664K, reserved 1048576K
}
Event: 288.410 GC heap before
{Heap before GC invocations=33 (full 0):
 garbage-first heap   total 283648K, used 237885K [0x0000000780000000, 0x0000000800000000)
  region size 1024K, 166 young (169984K), 8 survivors (8192K)
 Metaspace       used 125661K, committed 126528K, reserved 1179648K
  class space    used 18033K, committed 18432K, reserved 1048576K
}
Event: 288.500 GC heap after
{Heap after GC invocations=34 (full 0):
 garbage-first heap   total 283648K, used 79532K [0x0000000780000000, 0x0000000800000000)
  region size 1024K, 10 young (10240K), 10 survivors (10240K)
 Metaspace       used 125661K, committed 126528K, reserved 1179648K
  class space    used 18033K, committed 18432K, reserved 1048576K
}

